<?xml version="1.0" encoding="UTF-8"?>
<testsuite xmlns:xsi="http://www.w3.org/2001/XMLSchema-instance" xsi:noNamespaceSchemaLocation="https://maven.apache.org/surefire/maven-surefire-plugin/xsd/surefire-test-report.xsd" name="RunnerClass.TestParallel" time="5.979" tests="1" errors="0" skipped="0" failures="0">
  <properties>
    <property name="gopherProxySet" value="false"/>
    <property name="awt.toolkit" value="sun.lwawt.macosx.LWCToolkit"/>
    <property name="java.specification.version" value="11"/>
    <property name="sun.cpu.isalist" value=""/>
    <property name="sun.jnu.encoding" value="UTF-8"/>
    <property name="java.class.path" value="/Users/zwivhuya/IdeaProjects/wamly-karate-automation/target/test-classes:/Users/zwivhuya/IdeaProjects/wamly-karate-automation/target/classes:/Users/zwivhuya/.m2/repository/com/intuit/karate/karate-gatling/1.2.0.RC4/karate-gatling-1.2.0.RC4.jar:/Users/zwivhuya/.m2/repository/com/github/javafaker/javafaker/1.0.2/javafaker-1.0.2.jar:/Users/zwivhuya/.m2/repository/org/apache/commons/commons-lang3/3.5/commons-lang3-3.5.jar:/Users/zwivhuya/.m2/repository/org/yaml/snakeyaml/1.23/snakeyaml-1.23-android.jar:/Users/zwivhuya/.m2/repository/com/github/mifmif/generex/1.0.2/generex-1.0.2.jar:/Users/zwivhuya/.m2/repository/dk/brics/automaton/automaton/1.11-8/automaton-1.11-8.jar:/Users/zwivhuya/.m2/repository/com/intuit/karate/karate-junit5/1.1.0/karate-junit5-1.1.0.jar:/Users/zwivhuya/.m2/repository/org/junit/jupiter/junit-jupiter-engine/5.7.2/junit-jupiter-engine-5.7.2.jar:/Users/zwivhuya/.m2/repository/org/junit/platform/junit-platform-engine/1.7.2/junit-platform-engine-1.7.2.jar:/Users/zwivhuya/.m2/repository/junit/junit/4.13/junit-4.13.jar:/Users/zwivhuya/.m2/repository/org/hamcrest/hamcrest-core/1.3/hamcrest-core-1.3.jar:/Users/zwivhuya/.m2/repository/commons-io/commons-io/2.6/commons-io-2.6.jar:/Users/zwivhuya/.m2/repository/net/masterthought/cucumber-reporting/5.4.0/cucumber-reporting-5.4.0.jar:/Users/zwivhuya/.m2/repository/com/fasterxml/jackson/core/jackson-databind/2.10.1/jackson-databind-2.10.1.jar:/Users/zwivhuya/.m2/repository/com/fasterxml/jackson/core/jackson-annotations/2.10.1/jackson-annotations-2.10.1.jar:/Users/zwivhuya/.m2/repository/com/fasterxml/jackson/core/jackson-core/2.10.1/jackson-core-2.10.1.jar:/Users/zwivhuya/.m2/repository/com/fasterxml/jackson/datatype/jackson-datatype-jsr310/2.10.1/jackson-datatype-jsr310-2.10.1.jar:/Users/zwivhuya/.m2/repository/org/apache/velocity/velocity-engine-core/2.1/velocity-engine-core-2.1.jar:/Users/zwivhuya/.m2/repository/org/slf4j/slf4j-api/1.7.26/slf4j-api-1.7.26.jar:/Users/zwivhuya/.m2/repository/commons-collections/commons-collections/3.2.2/commons-collections-3.2.2.jar:/Users/zwivhuya/.m2/repository/joda-time/joda-time/2.10.5/joda-time-2.10.5.jar:/Users/zwivhuya/.m2/repository/org/codehaus/plexus/plexus-utils/3.3.0/plexus-utils-3.3.0.jar:/Users/zwivhuya/.m2/repository/org/jsoup/jsoup/1.12.1/jsoup-1.12.1.jar:/Users/zwivhuya/.m2/repository/com/googlecode/owasp-java-html-sanitizer/owasp-java-html-sanitizer/20191001.1/owasp-java-html-sanitizer-20191001.1.jar:/Users/zwivhuya/.m2/repository/com/google/guava/guava/27.1-jre/guava-27.1-jre.jar:/Users/zwivhuya/.m2/repository/com/google/guava/failureaccess/1.0.1/failureaccess-1.0.1.jar:/Users/zwivhuya/.m2/repository/com/google/guava/listenablefuture/9999.0-empty-to-avoid-conflict-with-guava/listenablefuture-9999.0-empty-to-avoid-conflict-with-guava.jar:/Users/zwivhuya/.m2/repository/com/google/code/findbugs/jsr305/3.0.2/jsr305-3.0.2.jar:/Users/zwivhuya/.m2/repository/com/google/j2objc/j2objc-annotations/1.1/j2objc-annotations-1.1.jar:/Users/zwivhuya/.m2/repository/org/codehaus/mojo/animal-sniffer-annotations/1.17/animal-sniffer-annotations-1.17.jar:/Users/zwivhuya/.m2/repository/commons-configuration/commons-configuration/1.10/commons-configuration-1.10.jar:/Users/zwivhuya/.m2/repository/commons-lang/commons-lang/2.6/commons-lang-2.6.jar:/Users/zwivhuya/.m2/repository/commons-logging/commons-logging/1.1.1/commons-logging-1.1.1.jar:/Users/zwivhuya/.m2/repository/com/intuit/karate/karate-core/1.1.0/karate-core-1.1.0.jar:/Users/zwivhuya/.m2/repository/org/graalvm/js/js-scriptengine/21.2.0/js-scriptengine-21.2.0.jar:/Users/zwivhuya/.m2/repository/org/graalvm/sdk/graal-sdk/21.2.0/graal-sdk-21.2.0.jar:/Users/zwivhuya/.m2/repository/org/graalvm/js/js/21.2.0/js-21.2.0.jar:/Users/zwivhuya/.m2/repository/org/graalvm/regex/regex/21.2.0/regex-21.2.0.jar:/Users/zwivhuya/.m2/repository/org/graalvm/truffle/truffle-api/21.2.0/truffle-api-21.2.0.jar:/Users/zwivhuya/.m2/repository/com/ibm/icu/icu4j/69.1/icu4j-69.1.jar:/Users/zwivhuya/.m2/repository/ch/qos/logback/logback-classic/1.2.3/logback-classic-1.2.3.jar:/Users/zwivhuya/.m2/repository/ch/qos/logback/logback-core/1.2.3/logback-core-1.2.3.jar:/Users/zwivhuya/.m2/repository/org/slf4j/jcl-over-slf4j/1.7.25/jcl-over-slf4j-1.7.25.jar:/Users/zwivhuya/.m2/repository/com/jayway/jsonpath/json-path/2.6.0/json-path-2.6.0.jar:/Users/zwivhuya/.m2/repository/net/minidev/json-smart/2.4.7/json-smart-2.4.7.jar:/Users/zwivhuya/.m2/repository/net/minidev/accessors-smart/2.4.7/accessors-smart-2.4.7.jar:/Users/zwivhuya/.m2/repository/org/ow2/asm/asm/9.1/asm-9.1.jar:/Users/zwivhuya/.m2/repository/info/cukes/cucumber-java/1.2.5/cucumber-java-1.2.5.jar:/Users/zwivhuya/.m2/repository/info/cukes/cucumber-core/1.2.5/cucumber-core-1.2.5.jar:/Users/zwivhuya/.m2/repository/org/yaml/snakeyaml/1.29/snakeyaml-1.29.jar:/Users/zwivhuya/.m2/repository/de/siegmar/fastcsv/2.0.0/fastcsv-2.0.0.jar:/Users/zwivhuya/.m2/repository/info/picocli/picocli/4.6.1/picocli-4.6.1.jar:/Users/zwivhuya/.m2/repository/org/junit/jupiter/junit-jupiter-api/5.7.2/junit-jupiter-api-5.7.2.jar:/Users/zwivhuya/.m2/repository/org/apiguardian/apiguardian-api/1.1.0/apiguardian-api-1.1.0.jar:/Users/zwivhuya/.m2/repository/org/opentest4j/opentest4j/1.2.0/opentest4j-1.2.0.jar:/Users/zwivhuya/.m2/repository/org/junit/platform/junit-platform-commons/1.7.2/junit-platform-commons-1.7.2.jar:/Users/zwivhuya/.m2/repository/org/json/json/20220320/json-20220320.jar:/Users/zwivhuya/.m2/repository/io/rest-assured/rest-assured/5.0.1/rest-assured-5.0.1.jar:/Users/zwivhuya/.m2/repository/org/apache/groovy/groovy/4.0.1/groovy-4.0.1.jar:/Users/zwivhuya/.m2/repository/org/apache/groovy/groovy-xml/4.0.1/groovy-xml-4.0.1.jar:/Users/zwivhuya/.m2/repository/org/apache/httpcomponents/httpclient/4.5.13/httpclient-4.5.13.jar:/Users/zwivhuya/.m2/repository/org/apache/httpcomponents/httpcore/4.4.13/httpcore-4.4.13.jar:/Users/zwivhuya/.m2/repository/commons-codec/commons-codec/1.11/commons-codec-1.11.jar:/Users/zwivhuya/.m2/repository/org/apache/httpcomponents/httpmime/4.5.13/httpmime-4.5.13.jar:/Users/zwivhuya/.m2/repository/org/hamcrest/hamcrest/2.1/hamcrest-2.1.jar:/Users/zwivhuya/.m2/repository/org/ccil/cowan/tagsoup/tagsoup/1.2.1/tagsoup-1.2.1.jar:/Users/zwivhuya/.m2/repository/io/rest-assured/json-path/5.0.1/json-path-5.0.1.jar:/Users/zwivhuya/.m2/repository/org/apache/groovy/groovy-json/4.0.1/groovy-json-4.0.1.jar:/Users/zwivhuya/.m2/repository/io/rest-assured/rest-assured-common/5.0.1/rest-assured-common-5.0.1.jar:/Users/zwivhuya/.m2/repository/io/rest-assured/xml-path/5.0.1/xml-path-5.0.1.jar:/Users/zwivhuya/.m2/repository/io/gatling/highcharts/gatling-charts-highcharts/3.7.6/gatling-charts-highcharts-3.7.6.jar:/Users/zwivhuya/.m2/repository/org/scala-lang/scala-library/2.13.8/scala-library-2.13.8.jar:/Users/zwivhuya/.m2/repository/io/gatling/gatling-app/3.7.6/gatling-app-3.7.6.jar:/Users/zwivhuya/.m2/repository/io/gatling/gatling-core-java/3.7.6/gatling-core-java-3.7.6.jar:/Users/zwivhuya/.m2/repository/net/jodah/typetools/0.6.3/typetools-0.6.3.jar:/Users/zwivhuya/.m2/repository/io/gatling/gatling-http/3.7.6/gatling-http-3.7.6.jar:/Users/zwivhuya/.m2/repository/io/gatling/gatling-http-client/3.7.6/gatling-http-client-3.7.6.jar:/Users/zwivhuya/.m2/repository/io/netty/netty-handler-proxy/4.1.74.Final/netty-handler-proxy-4.1.74.Final.jar:/Users/zwivhuya/.m2/repository/io/netty/netty-codec-socks/4.1.74.Final/netty-codec-socks-4.1.74.Final.jar:/Users/zwivhuya/.m2/repository/io/netty/netty-resolver-dns/4.1.74.Final/netty-resolver-dns-4.1.74.Final.jar:/Users/zwivhuya/.m2/repository/io/netty/netty-codec-dns/4.1.74.Final/netty-codec-dns-4.1.74.Final.jar:/Users/zwivhuya/.m2/repository/io/netty/netty-codec-http2/4.1.74.Final/netty-codec-http2-4.1.74.Final.jar:/Users/zwivhuya/.m2/repository/io/netty/netty-tcnative-boringssl-static/2.0.50.Final/netty-tcnative-boringssl-static-2.0.50.Final.jar:/Users/zwivhuya/.m2/repository/io/netty/netty-tcnative-boringssl-static/2.0.50.Final/netty-tcnative-boringssl-static-2.0.50.Final-linux-x86_64.jar:/Users/zwivhuya/.m2/repository/io/netty/netty-tcnative-boringssl-static/2.0.50.Final/netty-tcnative-boringssl-static-2.0.50.Final-linux-aarch_64.jar:/Users/zwivhuya/.m2/repository/io/netty/netty-tcnative-boringssl-static/2.0.50.Final/netty-tcnative-boringssl-static-2.0.50.Final-osx-x86_64.jar:/Users/zwivhuya/.m2/repository/io/netty/netty-tcnative-boringssl-static/2.0.50.Final/netty-tcnative-boringssl-static-2.0.50.Final-osx-aarch_64.jar:/Users/zwivhuya/.m2/repository/io/netty/netty-tcnative-boringssl-static/2.0.50.Final/netty-tcnative-boringssl-static-2.0.50.Final-windows-x86_64.jar:/Users/zwivhuya/.m2/repository/com/aayushatharva/brotli4j/brotli4j/1.6.0/brotli4j-1.6.0.jar:/Users/zwivhuya/.m2/repository/com/aayushatharva/brotli4j/native-linux-x86_64/1.6.0/native-linux-x86_64-1.6.0.jar:/Users/zwivhuya/.m2/repository/com/aayushatharva/brotli4j/native-linux-aarch64/1.6.0/native-linux-aarch64-1.6.0.jar:/Users/zwivhuya/.m2/repository/com/aayushatharva/brotli4j/native-osx-x86_64/1.6.0/native-osx-x86_64-1.6.0.jar:/Users/zwivhuya/.m2/repository/com/aayushatharva/brotli4j/native-windows-x86_64/1.6.0/native-windows-x86_64-1.6.0.jar:/Users/zwivhuya/.m2/repository/io/gatling/gatling-http-java/3.7.6/gatling-http-java-3.7.6.jar:/Users/zwivhuya/.m2/repository/io/gatling/gatling-jms/3.7.6/gatling-jms-3.7.6.jar:/Users/zwivhuya/.m2/repository/javax/jms/javax.jms-api/2.0.1/javax.jms-api-2.0.1.jar:/Users/zwivhuya/.m2/repository/com/eatthepath/fast-uuid/0.2.0/fast-uuid-0.2.0.jar:/Users/zwivhuya/.m2/repository/io/gatling/gatling-jms-java/3.7.6/gatling-jms-java-3.7.6.jar:/Users/zwivhuya/.m2/repository/io/gatling/gatling-mqtt/3.7.6/gatling-mqtt-3.7.6.jar:/Users/zwivhuya/.m2/repository/io/gatling/gatling-netty-util/3.7.6/gatling-netty-util-3.7.6.jar:/Users/zwivhuya/.m2/repository/io/netty/netty-codec-mqtt/4.1.74.Final/netty-codec-mqtt-4.1.74.Final.jar:/Users/zwivhuya/.m2/repository/io/netty/netty-transport-native-epoll/4.1.74.Final/netty-transport-native-epoll-4.1.74.Final-linux-x86_64.jar:/Users/zwivhuya/.m2/repository/io/netty/netty-transport-native-unix-common/4.1.74.Final/netty-transport-native-unix-common-4.1.74.Final.jar:/Users/zwivhuya/.m2/repository/io/netty/netty-transport-classes-epoll/4.1.74.Final/netty-transport-classes-epoll-4.1.74.Final.jar:/Users/zwivhuya/.m2/repository/io/netty/netty-transport-native-epoll/4.1.74.Final/netty-transport-native-epoll-4.1.74.Final-linux-aarch_64.jar:/Users/zwivhuya/.m2/repository/io/gatling/gatling-mqtt-java/3.7.6/gatling-mqtt-java-3.7.6.jar:/Users/zwivhuya/.m2/repository/io/gatling/gatling-jdbc/3.7.6/gatling-jdbc-3.7.6.jar:/Users/zwivhuya/.m2/repository/io/gatling/gatling-jdbc-java/3.7.6/gatling-jdbc-java-3.7.6.jar:/Users/zwivhuya/.m2/repository/io/gatling/gatling-redis/3.7.6/gatling-redis-3.7.6.jar:/Users/zwivhuya/.m2/repository/net/debasishg/redisclient_2.13/3.42/redisclient_2.13-3.42.jar:/Users/zwivhuya/.m2/repository/org/apache/commons/commons-pool2/2.8.0/commons-pool2-2.8.0.jar:/Users/zwivhuya/.m2/repository/io/gatling/gatling-redis-java/3.7.6/gatling-redis-java-3.7.6.jar:/Users/zwivhuya/.m2/repository/io/gatling/gatling-graphite/3.7.6/gatling-graphite-3.7.6.jar:/Users/zwivhuya/.m2/repository/org/hdrhistogram/HdrHistogram/2.1.12/HdrHistogram-2.1.12.jar:/Users/zwivhuya/.m2/repository/io/gatling/gatling-charts/3.7.6/gatling-charts-3.7.6.jar:/Users/zwivhuya/.m2/repository/com/tdunning/t-digest/3.1/t-digest-3.1.jar:/Users/zwivhuya/.m2/repository/io/gatling/gatling-recorder/3.7.6/gatling-recorder-3.7.6.jar:/Users/zwivhuya/.m2/repository/org/scala-lang/modules/scala-swing_2.13/3.0.0/scala-swing_2.13-3.0.0.jar:/Users/zwivhuya/.m2/repository/org/bouncycastle/bcpkix-jdk15on/1.70/bcpkix-jdk15on-1.70.jar:/Users/zwivhuya/.m2/repository/org/bouncycastle/bcprov-jdk15on/1.70/bcprov-jdk15on-1.70.jar:/Users/zwivhuya/.m2/repository/org/bouncycastle/bcutil-jdk15on/1.70/bcutil-jdk15on-1.70.jar:/Users/zwivhuya/.m2/repository/io/netty/netty-codec-http/4.1.74.Final/netty-codec-http-4.1.74.Final.jar:/Users/zwivhuya/.m2/repository/io/gatling/gatling-core/3.7.6/gatling-core-3.7.6.jar:/Users/zwivhuya/.m2/repository/io/gatling/gatling-commons/3.7.6/gatling-commons-3.7.6.jar:/Users/zwivhuya/.m2/repository/io/gatling/gatling-commons-shared/3.7.6/gatling-commons-shared-3.7.6.jar:/Users/zwivhuya/.m2/repository/org/scala-lang/scala-reflect/2.13.8/scala-reflect-2.13.8.jar:/Users/zwivhuya/.m2/repository/io/suzaku/boopickle_2.13/1.3.3/boopickle_2.13-1.3.3.jar:/Users/zwivhuya/.m2/repository/io/gatling/gatling-commons-shared-unstable/3.7.6/gatling-commons-shared-unstable-3.7.6.jar:/Users/zwivhuya/.m2/repository/com/typesafe/config/1.4.2/config-1.4.2.jar:/Users/zwivhuya/.m2/repository/org/typelevel/spire-macros_2.13/0.17.0/spire-macros_2.13-0.17.0.jar:/Users/zwivhuya/.m2/repository/com/typesafe/scala-logging/scala-logging_2.13/3.9.4/scala-logging_2.13-3.9.4.jar:/Users/zwivhuya/.m2/repository/io/gatling/gatling-jsonpath/3.7.6/gatling-jsonpath-3.7.6.jar:/Users/zwivhuya/.m2/repository/com/typesafe/akka/akka-actor_2.13/2.6.18/akka-actor_2.13-2.6.18.jar:/Users/zwivhuya/.m2/repository/org/scala-lang/modules/scala-java8-compat_2.13/1.0.0/scala-java8-compat_2.13-1.0.0.jar:/Users/zwivhuya/.m2/repository/com/typesafe/akka/akka-slf4j_2.13/2.6.18/akka-slf4j_2.13-2.6.18.jar:/Users/zwivhuya/.m2/repository/org/simpleflatmapper/lightning-csv/8.2.3/lightning-csv-8.2.3.jar:/Users/zwivhuya/.m2/repository/org/simpleflatmapper/sfm-util/8.2.3/sfm-util-8.2.3.jar:/Users/zwivhuya/.m2/repository/com/github/ben-manes/caffeine/caffeine/2.9.3/caffeine-2.9.3.jar:/Users/zwivhuya/.m2/repository/org/checkerframework/checker-qual/3.19.0/checker-qual-3.19.0.jar:/Users/zwivhuya/.m2/repository/com/google/errorprone/error_prone_annotations/2.10.0/error_prone_annotations-2.10.0.jar:/Users/zwivhuya/.m2/repository/io/pebbletemplates/pebble/3.1.5/pebble-3.1.5.jar:/Users/zwivhuya/.m2/repository/org/unbescape/unbescape/1.1.6.RELEASE/unbescape-1.1.6.RELEASE.jar:/Users/zwivhuya/.m2/repository/org/scala-lang/modules/scala-parser-combinators_2.13/2.1.1/scala-parser-combinators_2.13-2.1.1.jar:/Users/zwivhuya/.m2/repository/com/github/scopt/scopt_2.13/3.7.1/scopt_2.13-3.7.1.jar:/Users/zwivhuya/.m2/repository/io/netty/netty-handler/4.1.74.Final/netty-handler-4.1.74.Final.jar:/Users/zwivhuya/.m2/repository/io/netty/netty-common/4.1.74.Final/netty-common-4.1.74.Final.jar:/Users/zwivhuya/.m2/repository/io/netty/netty-resolver/4.1.74.Final/netty-resolver-4.1.74.Final.jar:/Users/zwivhuya/.m2/repository/io/netty/netty-buffer/4.1.74.Final/netty-buffer-4.1.74.Final.jar:/Users/zwivhuya/.m2/repository/io/netty/netty-transport/4.1.74.Final/netty-transport-4.1.74.Final.jar:/Users/zwivhuya/.m2/repository/io/netty/netty-codec/4.1.74.Final/netty-codec-4.1.74.Final.jar:/Users/zwivhuya/.m2/repository/io/netty/netty-tcnative-classes/2.0.50.Final/netty-tcnative-classes-2.0.50.Final.jar:/Users/zwivhuya/.m2/repository/com/softwaremill/quicklens/quicklens_2.13/1.8.3/quicklens_2.13-1.8.3.jar:/Users/zwivhuya/.m2/repository/net/sf/saxon/Saxon-HE/10.6/Saxon-HE-10.6.jar:/Users/zwivhuya/.m2/repository/org/jodd/jodd-lagarto/6.0.5/jodd-lagarto-6.0.5.jar:/Users/zwivhuya/.m2/repository/org/jodd/jodd-util/6.0.1/jodd-util-6.0.1.jar:/Users/zwivhuya/.m2/repository/io/burt/jmespath-jackson/0.5.1/jmespath-jackson-0.5.1.jar:/Users/zwivhuya/.m2/repository/io/burt/jmespath-core/0.5.1/jmespath-core-0.5.1.jar:"/>
    <property name="java.vm.vendor" value="BellSoft"/>
    <property name="sun.arch.data.model" value="64"/>
    <property name="java.vendor.url" value="https://bell-sw.com/"/>
    <property name="user.timezone" value=""/>
    <property name="java.vm.specification.version" value="11"/>
    <property name="os.name" value="Mac OS X"/>
    <property name="sun.java.launcher" value="SUN_STANDARD"/>
    <property name="user.country" value="GB"/>
    <property name="sun.boot.library.path" value="/Users/zwivhuya/Library/Java/JavaVirtualMachines/liberica-11.0.12/lib"/>
    <property name="sun.java.command" value="/Users/zwivhuya/IdeaProjects/wamly-karate-automation/target/surefire/surefirebooter17053844481113847413.jar /Users/zwivhuya/IdeaProjects/wamly-karate-automation/target/surefire 2022-06-14T12-47-21_525-jvmRun1 surefire8339564903464257359tmp surefire_03797926267129479141tmp"/>
    <property name="http.nonProxyHosts" value="local|*.local|169.254/16|*.169.254/16"/>
    <property name="jdk.debug" value="release"/>
    <property name="surefire.test.class.path" value="/Users/zwivhuya/IdeaProjects/wamly-karate-automation/target/test-classes:/Users/zwivhuya/IdeaProjects/wamly-karate-automation/target/classes:/Users/zwivhuya/.m2/repository/com/intuit/karate/karate-gatling/1.2.0.RC4/karate-gatling-1.2.0.RC4.jar:/Users/zwivhuya/.m2/repository/com/github/javafaker/javafaker/1.0.2/javafaker-1.0.2.jar:/Users/zwivhuya/.m2/repository/org/apache/commons/commons-lang3/3.5/commons-lang3-3.5.jar:/Users/zwivhuya/.m2/repository/org/yaml/snakeyaml/1.23/snakeyaml-1.23-android.jar:/Users/zwivhuya/.m2/repository/com/github/mifmif/generex/1.0.2/generex-1.0.2.jar:/Users/zwivhuya/.m2/repository/dk/brics/automaton/automaton/1.11-8/automaton-1.11-8.jar:/Users/zwivhuya/.m2/repository/com/intuit/karate/karate-junit5/1.1.0/karate-junit5-1.1.0.jar:/Users/zwivhuya/.m2/repository/org/junit/jupiter/junit-jupiter-engine/5.7.2/junit-jupiter-engine-5.7.2.jar:/Users/zwivhuya/.m2/repository/org/junit/platform/junit-platform-engine/1.7.2/junit-platform-engine-1.7.2.jar:/Users/zwivhuya/.m2/repository/junit/junit/4.13/junit-4.13.jar:/Users/zwivhuya/.m2/repository/org/hamcrest/hamcrest-core/1.3/hamcrest-core-1.3.jar:/Users/zwivhuya/.m2/repository/commons-io/commons-io/2.6/commons-io-2.6.jar:/Users/zwivhuya/.m2/repository/net/masterthought/cucumber-reporting/5.4.0/cucumber-reporting-5.4.0.jar:/Users/zwivhuya/.m2/repository/com/fasterxml/jackson/core/jackson-databind/2.10.1/jackson-databind-2.10.1.jar:/Users/zwivhuya/.m2/repository/com/fasterxml/jackson/core/jackson-annotations/2.10.1/jackson-annotations-2.10.1.jar:/Users/zwivhuya/.m2/repository/com/fasterxml/jackson/core/jackson-core/2.10.1/jackson-core-2.10.1.jar:/Users/zwivhuya/.m2/repository/com/fasterxml/jackson/datatype/jackson-datatype-jsr310/2.10.1/jackson-datatype-jsr310-2.10.1.jar:/Users/zwivhuya/.m2/repository/org/apache/velocity/velocity-engine-core/2.1/velocity-engine-core-2.1.jar:/Users/zwivhuya/.m2/repository/org/slf4j/slf4j-api/1.7.26/slf4j-api-1.7.26.jar:/Users/zwivhuya/.m2/repository/commons-collections/commons-collections/3.2.2/commons-collections-3.2.2.jar:/Users/zwivhuya/.m2/repository/joda-time/joda-time/2.10.5/joda-time-2.10.5.jar:/Users/zwivhuya/.m2/repository/org/codehaus/plexus/plexus-utils/3.3.0/plexus-utils-3.3.0.jar:/Users/zwivhuya/.m2/repository/org/jsoup/jsoup/1.12.1/jsoup-1.12.1.jar:/Users/zwivhuya/.m2/repository/com/googlecode/owasp-java-html-sanitizer/owasp-java-html-sanitizer/20191001.1/owasp-java-html-sanitizer-20191001.1.jar:/Users/zwivhuya/.m2/repository/com/google/guava/guava/27.1-jre/guava-27.1-jre.jar:/Users/zwivhuya/.m2/repository/com/google/guava/failureaccess/1.0.1/failureaccess-1.0.1.jar:/Users/zwivhuya/.m2/repository/com/google/guava/listenablefuture/9999.0-empty-to-avoid-conflict-with-guava/listenablefuture-9999.0-empty-to-avoid-conflict-with-guava.jar:/Users/zwivhuya/.m2/repository/com/google/code/findbugs/jsr305/3.0.2/jsr305-3.0.2.jar:/Users/zwivhuya/.m2/repository/com/google/j2objc/j2objc-annotations/1.1/j2objc-annotations-1.1.jar:/Users/zwivhuya/.m2/repository/org/codehaus/mojo/animal-sniffer-annotations/1.17/animal-sniffer-annotations-1.17.jar:/Users/zwivhuya/.m2/repository/commons-configuration/commons-configuration/1.10/commons-configuration-1.10.jar:/Users/zwivhuya/.m2/repository/commons-lang/commons-lang/2.6/commons-lang-2.6.jar:/Users/zwivhuya/.m2/repository/commons-logging/commons-logging/1.1.1/commons-logging-1.1.1.jar:/Users/zwivhuya/.m2/repository/com/intuit/karate/karate-core/1.1.0/karate-core-1.1.0.jar:/Users/zwivhuya/.m2/repository/org/graalvm/js/js-scriptengine/21.2.0/js-scriptengine-21.2.0.jar:/Users/zwivhuya/.m2/repository/org/graalvm/sdk/graal-sdk/21.2.0/graal-sdk-21.2.0.jar:/Users/zwivhuya/.m2/repository/org/graalvm/js/js/21.2.0/js-21.2.0.jar:/Users/zwivhuya/.m2/repository/org/graalvm/regex/regex/21.2.0/regex-21.2.0.jar:/Users/zwivhuya/.m2/repository/org/graalvm/truffle/truffle-api/21.2.0/truffle-api-21.2.0.jar:/Users/zwivhuya/.m2/repository/com/ibm/icu/icu4j/69.1/icu4j-69.1.jar:/Users/zwivhuya/.m2/repository/ch/qos/logback/logback-classic/1.2.3/logback-classic-1.2.3.jar:/Users/zwivhuya/.m2/repository/ch/qos/logback/logback-core/1.2.3/logback-core-1.2.3.jar:/Users/zwivhuya/.m2/repository/org/slf4j/jcl-over-slf4j/1.7.25/jcl-over-slf4j-1.7.25.jar:/Users/zwivhuya/.m2/repository/com/jayway/jsonpath/json-path/2.6.0/json-path-2.6.0.jar:/Users/zwivhuya/.m2/repository/net/minidev/json-smart/2.4.7/json-smart-2.4.7.jar:/Users/zwivhuya/.m2/repository/net/minidev/accessors-smart/2.4.7/accessors-smart-2.4.7.jar:/Users/zwivhuya/.m2/repository/org/ow2/asm/asm/9.1/asm-9.1.jar:/Users/zwivhuya/.m2/repository/info/cukes/cucumber-java/1.2.5/cucumber-java-1.2.5.jar:/Users/zwivhuya/.m2/repository/info/cukes/cucumber-core/1.2.5/cucumber-core-1.2.5.jar:/Users/zwivhuya/.m2/repository/org/yaml/snakeyaml/1.29/snakeyaml-1.29.jar:/Users/zwivhuya/.m2/repository/de/siegmar/fastcsv/2.0.0/fastcsv-2.0.0.jar:/Users/zwivhuya/.m2/repository/info/picocli/picocli/4.6.1/picocli-4.6.1.jar:/Users/zwivhuya/.m2/repository/org/junit/jupiter/junit-jupiter-api/5.7.2/junit-jupiter-api-5.7.2.jar:/Users/zwivhuya/.m2/repository/org/apiguardian/apiguardian-api/1.1.0/apiguardian-api-1.1.0.jar:/Users/zwivhuya/.m2/repository/org/opentest4j/opentest4j/1.2.0/opentest4j-1.2.0.jar:/Users/zwivhuya/.m2/repository/org/junit/platform/junit-platform-commons/1.7.2/junit-platform-commons-1.7.2.jar:/Users/zwivhuya/.m2/repository/org/json/json/20220320/json-20220320.jar:/Users/zwivhuya/.m2/repository/io/rest-assured/rest-assured/5.0.1/rest-assured-5.0.1.jar:/Users/zwivhuya/.m2/repository/org/apache/groovy/groovy/4.0.1/groovy-4.0.1.jar:/Users/zwivhuya/.m2/repository/org/apache/groovy/groovy-xml/4.0.1/groovy-xml-4.0.1.jar:/Users/zwivhuya/.m2/repository/org/apache/httpcomponents/httpclient/4.5.13/httpclient-4.5.13.jar:/Users/zwivhuya/.m2/repository/org/apache/httpcomponents/httpcore/4.4.13/httpcore-4.4.13.jar:/Users/zwivhuya/.m2/repository/commons-codec/commons-codec/1.11/commons-codec-1.11.jar:/Users/zwivhuya/.m2/repository/org/apache/httpcomponents/httpmime/4.5.13/httpmime-4.5.13.jar:/Users/zwivhuya/.m2/repository/org/hamcrest/hamcrest/2.1/hamcrest-2.1.jar:/Users/zwivhuya/.m2/repository/org/ccil/cowan/tagsoup/tagsoup/1.2.1/tagsoup-1.2.1.jar:/Users/zwivhuya/.m2/repository/io/rest-assured/json-path/5.0.1/json-path-5.0.1.jar:/Users/zwivhuya/.m2/repository/org/apache/groovy/groovy-json/4.0.1/groovy-json-4.0.1.jar:/Users/zwivhuya/.m2/repository/io/rest-assured/rest-assured-common/5.0.1/rest-assured-common-5.0.1.jar:/Users/zwivhuya/.m2/repository/io/rest-assured/xml-path/5.0.1/xml-path-5.0.1.jar:/Users/zwivhuya/.m2/repository/io/gatling/highcharts/gatling-charts-highcharts/3.7.6/gatling-charts-highcharts-3.7.6.jar:/Users/zwivhuya/.m2/repository/org/scala-lang/scala-library/2.13.8/scala-library-2.13.8.jar:/Users/zwivhuya/.m2/repository/io/gatling/gatling-app/3.7.6/gatling-app-3.7.6.jar:/Users/zwivhuya/.m2/repository/io/gatling/gatling-core-java/3.7.6/gatling-core-java-3.7.6.jar:/Users/zwivhuya/.m2/repository/net/jodah/typetools/0.6.3/typetools-0.6.3.jar:/Users/zwivhuya/.m2/repository/io/gatling/gatling-http/3.7.6/gatling-http-3.7.6.jar:/Users/zwivhuya/.m2/repository/io/gatling/gatling-http-client/3.7.6/gatling-http-client-3.7.6.jar:/Users/zwivhuya/.m2/repository/io/netty/netty-handler-proxy/4.1.74.Final/netty-handler-proxy-4.1.74.Final.jar:/Users/zwivhuya/.m2/repository/io/netty/netty-codec-socks/4.1.74.Final/netty-codec-socks-4.1.74.Final.jar:/Users/zwivhuya/.m2/repository/io/netty/netty-resolver-dns/4.1.74.Final/netty-resolver-dns-4.1.74.Final.jar:/Users/zwivhuya/.m2/repository/io/netty/netty-codec-dns/4.1.74.Final/netty-codec-dns-4.1.74.Final.jar:/Users/zwivhuya/.m2/repository/io/netty/netty-codec-http2/4.1.74.Final/netty-codec-http2-4.1.74.Final.jar:/Users/zwivhuya/.m2/repository/io/netty/netty-tcnative-boringssl-static/2.0.50.Final/netty-tcnative-boringssl-static-2.0.50.Final.jar:/Users/zwivhuya/.m2/repository/io/netty/netty-tcnative-boringssl-static/2.0.50.Final/netty-tcnative-boringssl-static-2.0.50.Final-linux-x86_64.jar:/Users/zwivhuya/.m2/repository/io/netty/netty-tcnative-boringssl-static/2.0.50.Final/netty-tcnative-boringssl-static-2.0.50.Final-linux-aarch_64.jar:/Users/zwivhuya/.m2/repository/io/netty/netty-tcnative-boringssl-static/2.0.50.Final/netty-tcnative-boringssl-static-2.0.50.Final-osx-x86_64.jar:/Users/zwivhuya/.m2/repository/io/netty/netty-tcnative-boringssl-static/2.0.50.Final/netty-tcnative-boringssl-static-2.0.50.Final-osx-aarch_64.jar:/Users/zwivhuya/.m2/repository/io/netty/netty-tcnative-boringssl-static/2.0.50.Final/netty-tcnative-boringssl-static-2.0.50.Final-windows-x86_64.jar:/Users/zwivhuya/.m2/repository/com/aayushatharva/brotli4j/brotli4j/1.6.0/brotli4j-1.6.0.jar:/Users/zwivhuya/.m2/repository/com/aayushatharva/brotli4j/native-linux-x86_64/1.6.0/native-linux-x86_64-1.6.0.jar:/Users/zwivhuya/.m2/repository/com/aayushatharva/brotli4j/native-linux-aarch64/1.6.0/native-linux-aarch64-1.6.0.jar:/Users/zwivhuya/.m2/repository/com/aayushatharva/brotli4j/native-osx-x86_64/1.6.0/native-osx-x86_64-1.6.0.jar:/Users/zwivhuya/.m2/repository/com/aayushatharva/brotli4j/native-windows-x86_64/1.6.0/native-windows-x86_64-1.6.0.jar:/Users/zwivhuya/.m2/repository/io/gatling/gatling-http-java/3.7.6/gatling-http-java-3.7.6.jar:/Users/zwivhuya/.m2/repository/io/gatling/gatling-jms/3.7.6/gatling-jms-3.7.6.jar:/Users/zwivhuya/.m2/repository/javax/jms/javax.jms-api/2.0.1/javax.jms-api-2.0.1.jar:/Users/zwivhuya/.m2/repository/com/eatthepath/fast-uuid/0.2.0/fast-uuid-0.2.0.jar:/Users/zwivhuya/.m2/repository/io/gatling/gatling-jms-java/3.7.6/gatling-jms-java-3.7.6.jar:/Users/zwivhuya/.m2/repository/io/gatling/gatling-mqtt/3.7.6/gatling-mqtt-3.7.6.jar:/Users/zwivhuya/.m2/repository/io/gatling/gatling-netty-util/3.7.6/gatling-netty-util-3.7.6.jar:/Users/zwivhuya/.m2/repository/io/netty/netty-codec-mqtt/4.1.74.Final/netty-codec-mqtt-4.1.74.Final.jar:/Users/zwivhuya/.m2/repository/io/netty/netty-transport-native-epoll/4.1.74.Final/netty-transport-native-epoll-4.1.74.Final-linux-x86_64.jar:/Users/zwivhuya/.m2/repository/io/netty/netty-transport-native-unix-common/4.1.74.Final/netty-transport-native-unix-common-4.1.74.Final.jar:/Users/zwivhuya/.m2/repository/io/netty/netty-transport-classes-epoll/4.1.74.Final/netty-transport-classes-epoll-4.1.74.Final.jar:/Users/zwivhuya/.m2/repository/io/netty/netty-transport-native-epoll/4.1.74.Final/netty-transport-native-epoll-4.1.74.Final-linux-aarch_64.jar:/Users/zwivhuya/.m2/repository/io/gatling/gatling-mqtt-java/3.7.6/gatling-mqtt-java-3.7.6.jar:/Users/zwivhuya/.m2/repository/io/gatling/gatling-jdbc/3.7.6/gatling-jdbc-3.7.6.jar:/Users/zwivhuya/.m2/repository/io/gatling/gatling-jdbc-java/3.7.6/gatling-jdbc-java-3.7.6.jar:/Users/zwivhuya/.m2/repository/io/gatling/gatling-redis/3.7.6/gatling-redis-3.7.6.jar:/Users/zwivhuya/.m2/repository/net/debasishg/redisclient_2.13/3.42/redisclient_2.13-3.42.jar:/Users/zwivhuya/.m2/repository/org/apache/commons/commons-pool2/2.8.0/commons-pool2-2.8.0.jar:/Users/zwivhuya/.m2/repository/io/gatling/gatling-redis-java/3.7.6/gatling-redis-java-3.7.6.jar:/Users/zwivhuya/.m2/repository/io/gatling/gatling-graphite/3.7.6/gatling-graphite-3.7.6.jar:/Users/zwivhuya/.m2/repository/org/hdrhistogram/HdrHistogram/2.1.12/HdrHistogram-2.1.12.jar:/Users/zwivhuya/.m2/repository/io/gatling/gatling-charts/3.7.6/gatling-charts-3.7.6.jar:/Users/zwivhuya/.m2/repository/com/tdunning/t-digest/3.1/t-digest-3.1.jar:/Users/zwivhuya/.m2/repository/io/gatling/gatling-recorder/3.7.6/gatling-recorder-3.7.6.jar:/Users/zwivhuya/.m2/repository/org/scala-lang/modules/scala-swing_2.13/3.0.0/scala-swing_2.13-3.0.0.jar:/Users/zwivhuya/.m2/repository/org/bouncycastle/bcpkix-jdk15on/1.70/bcpkix-jdk15on-1.70.jar:/Users/zwivhuya/.m2/repository/org/bouncycastle/bcprov-jdk15on/1.70/bcprov-jdk15on-1.70.jar:/Users/zwivhuya/.m2/repository/org/bouncycastle/bcutil-jdk15on/1.70/bcutil-jdk15on-1.70.jar:/Users/zwivhuya/.m2/repository/io/netty/netty-codec-http/4.1.74.Final/netty-codec-http-4.1.74.Final.jar:/Users/zwivhuya/.m2/repository/io/gatling/gatling-core/3.7.6/gatling-core-3.7.6.jar:/Users/zwivhuya/.m2/repository/io/gatling/gatling-commons/3.7.6/gatling-commons-3.7.6.jar:/Users/zwivhuya/.m2/repository/io/gatling/gatling-commons-shared/3.7.6/gatling-commons-shared-3.7.6.jar:/Users/zwivhuya/.m2/repository/org/scala-lang/scala-reflect/2.13.8/scala-reflect-2.13.8.jar:/Users/zwivhuya/.m2/repository/io/suzaku/boopickle_2.13/1.3.3/boopickle_2.13-1.3.3.jar:/Users/zwivhuya/.m2/repository/io/gatling/gatling-commons-shared-unstable/3.7.6/gatling-commons-shared-unstable-3.7.6.jar:/Users/zwivhuya/.m2/repository/com/typesafe/config/1.4.2/config-1.4.2.jar:/Users/zwivhuya/.m2/repository/org/typelevel/spire-macros_2.13/0.17.0/spire-macros_2.13-0.17.0.jar:/Users/zwivhuya/.m2/repository/com/typesafe/scala-logging/scala-logging_2.13/3.9.4/scala-logging_2.13-3.9.4.jar:/Users/zwivhuya/.m2/repository/io/gatling/gatling-jsonpath/3.7.6/gatling-jsonpath-3.7.6.jar:/Users/zwivhuya/.m2/repository/com/typesafe/akka/akka-actor_2.13/2.6.18/akka-actor_2.13-2.6.18.jar:/Users/zwivhuya/.m2/repository/org/scala-lang/modules/scala-java8-compat_2.13/1.0.0/scala-java8-compat_2.13-1.0.0.jar:/Users/zwivhuya/.m2/repository/com/typesafe/akka/akka-slf4j_2.13/2.6.18/akka-slf4j_2.13-2.6.18.jar:/Users/zwivhuya/.m2/repository/org/simpleflatmapper/lightning-csv/8.2.3/lightning-csv-8.2.3.jar:/Users/zwivhuya/.m2/repository/org/simpleflatmapper/sfm-util/8.2.3/sfm-util-8.2.3.jar:/Users/zwivhuya/.m2/repository/com/github/ben-manes/caffeine/caffeine/2.9.3/caffeine-2.9.3.jar:/Users/zwivhuya/.m2/repository/org/checkerframework/checker-qual/3.19.0/checker-qual-3.19.0.jar:/Users/zwivhuya/.m2/repository/com/google/errorprone/error_prone_annotations/2.10.0/error_prone_annotations-2.10.0.jar:/Users/zwivhuya/.m2/repository/io/pebbletemplates/pebble/3.1.5/pebble-3.1.5.jar:/Users/zwivhuya/.m2/repository/org/unbescape/unbescape/1.1.6.RELEASE/unbescape-1.1.6.RELEASE.jar:/Users/zwivhuya/.m2/repository/org/scala-lang/modules/scala-parser-combinators_2.13/2.1.1/scala-parser-combinators_2.13-2.1.1.jar:/Users/zwivhuya/.m2/repository/com/github/scopt/scopt_2.13/3.7.1/scopt_2.13-3.7.1.jar:/Users/zwivhuya/.m2/repository/io/netty/netty-handler/4.1.74.Final/netty-handler-4.1.74.Final.jar:/Users/zwivhuya/.m2/repository/io/netty/netty-common/4.1.74.Final/netty-common-4.1.74.Final.jar:/Users/zwivhuya/.m2/repository/io/netty/netty-resolver/4.1.74.Final/netty-resolver-4.1.74.Final.jar:/Users/zwivhuya/.m2/repository/io/netty/netty-buffer/4.1.74.Final/netty-buffer-4.1.74.Final.jar:/Users/zwivhuya/.m2/repository/io/netty/netty-transport/4.1.74.Final/netty-transport-4.1.74.Final.jar:/Users/zwivhuya/.m2/repository/io/netty/netty-codec/4.1.74.Final/netty-codec-4.1.74.Final.jar:/Users/zwivhuya/.m2/repository/io/netty/netty-tcnative-classes/2.0.50.Final/netty-tcnative-classes-2.0.50.Final.jar:/Users/zwivhuya/.m2/repository/com/softwaremill/quicklens/quicklens_2.13/1.8.3/quicklens_2.13-1.8.3.jar:/Users/zwivhuya/.m2/repository/net/sf/saxon/Saxon-HE/10.6/Saxon-HE-10.6.jar:/Users/zwivhuya/.m2/repository/org/jodd/jodd-lagarto/6.0.5/jodd-lagarto-6.0.5.jar:/Users/zwivhuya/.m2/repository/org/jodd/jodd-util/6.0.1/jodd-util-6.0.1.jar:/Users/zwivhuya/.m2/repository/io/burt/jmespath-jackson/0.5.1/jmespath-jackson-0.5.1.jar:/Users/zwivhuya/.m2/repository/io/burt/jmespath-core/0.5.1/jmespath-core-0.5.1.jar:"/>
    <property name="sun.cpu.endian" value="little"/>
    <property name="user.home" value="/Users/zwivhuya"/>
    <property name="user.language" value="en"/>
    <property name="java.specification.vendor" value="Oracle Corporation"/>
    <property name="java.version.date" value="2021-07-20"/>
    <property name="java.home" value="/Users/zwivhuya/Library/Java/JavaVirtualMachines/liberica-11.0.12"/>
    <property name="file.separator" value="/"/>
    <property name="basedir" value="/Users/zwivhuya/IdeaProjects/wamly-karate-automation"/>
    <property name="java.vm.compressedOopsMode" value="Zero based"/>
    <property name="line.separator" value="&#10;"/>
    <property name="java.specification.name" value="Java Platform API Specification"/>
    <property name="java.vm.specification.vendor" value="Oracle Corporation"/>
    <property name="java.awt.graphicsenv" value="sun.awt.CGraphicsEnvironment"/>
    <property name="surefire.real.class.path" value="/Users/zwivhuya/IdeaProjects/wamly-karate-automation/target/surefire/surefirebooter17053844481113847413.jar"/>
    <property name="sun.management.compiler" value="HotSpot 64-Bit Tiered Compilers"/>
    <property name="ftp.nonProxyHosts" value="local|*.local|169.254/16|*.169.254/16"/>
    <property name="java.runtime.version" value="11.0.12+7-LTS"/>
    <property name="user.name" value="zwivhuya"/>
    <property name="path.separator" value=":"/>
    <property name="os.version" value="12.3.1"/>
    <property name="java.runtime.name" value="OpenJDK Runtime Environment"/>
    <property name="file.encoding" value="UTF-8"/>
    <property name="java.vm.name" value="OpenJDK 64-Bit Server VM"/>
    <property name="localRepository" value="/Users/zwivhuya/.m2/repository"/>
    <property name="java.vendor.url.bug" value="https://bell-sw.com/support"/>
    <property name="java.io.tmpdir" value="/var/folders/x4/g487gqs90t145fkxn5ps_3440000gn/T/"/>
    <property name="idea.version" value="2021.2.1"/>
    <property name="java.version" value="11.0.12"/>
    <property name="user.dir" value="/Users/zwivhuya/IdeaProjects/wamly-karate-automation"/>
    <property name="os.arch" value="aarch64"/>
    <property name="java.vm.specification.name" value="Java Virtual Machine Specification"/>
    <property name="java.awt.printerjob" value="sun.lwawt.macosx.CPrinterJob"/>
    <property name="sun.os.patch.level" value="unknown"/>
    <property name="java.library.path" value="/Users/zwivhuya/Library/Java/Extensions:/Library/Java/Extensions:/Network/Library/Java/Extensions:/System/Library/Java/Extensions:/usr/lib/java:."/>
    <property name="java.vm.info" value="mixed mode"/>
    <property name="java.vendor" value="BellSoft"/>
    <property name="java.vm.version" value="11.0.12+7-LTS"/>
    <property name="sun.io.unicode.encoding" value="UnicodeBig"/>
    <property name="java.class.version" value="55.0"/>
    <property name="socksNonProxyHosts" value="local|*.local|169.254/16|*.169.254/16"/>
  </properties>
  <testcase name="testParallel" classname="RunnerClass.TestParallel" time="5.975"/>
</testsuite>